c:\users\wenbinli\documents\ood\proj2\metricsexecutive\x64\debug\vc140.pdb
c:\users\wenbinli\documents\ood\proj2\metricsexecutive\x64\debug\vc140.idb
c:\users\wenbinli\documents\ood\proj2\metricsexecutive\x64\debug\filemgr.obj
c:\users\wenbinli\documents\ood\proj2\metricsexecutive\x64\debug\filesystem.obj
c:\users\wenbinli\documents\ood\proj2\metricsexecutive\x64\debug\actionsandrules.obj
c:\users\wenbinli\documents\ood\proj2\metricsexecutive\x64\debug\configureparser.obj
c:\users\wenbinli\documents\ood\proj2\metricsexecutive\x64\debug\parser.obj
c:\users\wenbinli\documents\ood\proj2\metricsexecutive\x64\debug\semiexp.obj
c:\users\wenbinli\documents\ood\proj2\metricsexecutive\x64\debug\tokenizer.obj
c:\users\wenbinli\documents\ood\proj2\metricsexecutive\x64\debug\utilities.obj
c:\users\wenbinli\documents\ood\proj2\metricsexecutive\x64\debug\metricsexecutive.obj
c:\users\wenbinli\documents\ood\proj2\x64\debug\metricsexecutive.ilk
c:\users\wenbinli\documents\ood\proj2\x64\debug\metricsexecutive.exe
c:\users\wenbinli\documents\ood\proj2\x64\debug\metricsexecutive.pdb
c:\users\wenbinli\documents\ood\proj2\metricsexecutive\x64\debug\metricsexecutive.tlog\cl.command.1.tlog
c:\users\wenbinli\documents\ood\proj2\metricsexecutive\x64\debug\metricsexecutive.tlog\cl.read.1.tlog
c:\users\wenbinli\documents\ood\proj2\metricsexecutive\x64\debug\metricsexecutive.tlog\cl.write.1.tlog
c:\users\wenbinli\documents\ood\proj2\metricsexecutive\x64\debug\metricsexecutive.tlog\link.command.1.tlog
c:\users\wenbinli\documents\ood\proj2\metricsexecutive\x64\debug\metricsexecutive.tlog\link.read.1.tlog
c:\users\wenbinli\documents\ood\proj2\metricsexecutive\x64\debug\metricsexecutive.tlog\link.write.1.tlog
